<?xml version="1.0" encoding="UTF-8" ?>
<testsuite tests="1" failures="0" name="org.jsoup.integration.UrlConnectTest" time="0" errors="0" skipped="1">
  <properties>
    <property name="java.runtime.name" value="OpenJDK Runtime Environment"/>
    <property name="sun.boot.library.path" value="/usr/lib/jvm/java-8-openjdk-amd64/jre/lib/amd64"/>
    <property name="java.vm.version" value="25.242-b08"/>
    <property name="java.vm.vendor" value="Private Build"/>
    <property name="maven.multiModuleProjectDirectory" value="/home/ubuntu/jsoup-master"/>
    <property name="java.vendor.url" value="http://java.oracle.com/"/>
    <property name="path.separator" value=":"/>
    <property name="guice.disable.misplaced.annotation.check" value="true"/>
    <property name="java.vm.name" value="OpenJDK 64-Bit Server VM"/>
    <property name="file.encoding.pkg" value="sun.io"/>
    <property name="sun.java.launcher" value="SUN_STANDARD"/>
    <property name="sun.os.patch.level" value="unknown"/>
    <property name="java.vm.specification.name" value="Java Virtual Machine Specification"/>
    <property name="user.dir" value="/home/ubuntu/jsoup-master"/>
    <property name="java.runtime.version" value="1.8.0_242-8u242-b08-0ubuntu3~18.04-b08"/>
    <property name="java.awt.graphicsenv" value="sun.awt.X11GraphicsEnvironment"/>
    <property name="java.endorsed.dirs" value="/usr/lib/jvm/java-8-openjdk-amd64/jre/lib/endorsed"/>
    <property name="os.arch" value="amd64"/>
    <property name="java.io.tmpdir" value="/tmp"/>
    <property name="line.separator" value="
"/>
    <property name="java.vm.specification.vendor" value="Oracle Corporation"/>
    <property name="os.name" value="Linux"/>
    <property name="net.sourceforge.cobertura.datafile" value="/home/ubuntu/jsoup-master/target/cobertura/cobertura.ser"/>
    <property name="classworlds.conf" value="/usr/share/maven/bin/m2.conf"/>
    <property name="sun.jnu.encoding" value="UTF-8"/>
    <property name="java.library.path" value="/usr/java/packages/lib/amd64:/usr/lib/x86_64-linux-gnu/jni:/lib/x86_64-linux-gnu:/usr/lib/x86_64-linux-gnu:/usr/lib/jni:/lib:/usr/lib"/>
    <property name="maven.conf" value="/usr/share/maven/conf"/>
    <property name="java.specification.name" value="Java Platform API Specification"/>
    <property name="java.class.version" value="52.0"/>
    <property name="sun.management.compiler" value="HotSpot 64-Bit Tiered Compilers"/>
    <property name="os.version" value="4.15.0-1057-aws"/>
    <property name="library.jansi.path" value="/usr/share/maven/lib/jansi-native"/>
    <property name="user.home" value="/home/ubuntu"/>
    <property name="user.timezone" value="Etc/UTC"/>
    <property name="java.awt.printerjob" value="sun.print.PSPrinterJob"/>
    <property name="java.specification.version" value="1.8"/>
    <property name="file.encoding" value="UTF-8"/>
    <property name="user.name" value="ubuntu"/>
    <property name="java.class.path" value="/usr/share/maven/boot/plexus-classworlds-2.x.jar"/>
    <property name="java.vm.specification.version" value="1.8"/>
    <property name="sun.arch.data.model" value="64"/>
    <property name="java.home" value="/usr/lib/jvm/java-8-openjdk-amd64/jre"/>
    <property name="sun.java.command" value="org.codehaus.plexus.classworlds.launcher.Launcher cobertura:cobertura"/>
    <property name="java.specification.vendor" value="Oracle Corporation"/>
    <property name="user.language" value="en"/>
    <property name="awt.toolkit" value="sun.awt.X11.XToolkit"/>
    <property name="java.vm.info" value="mixed mode"/>
    <property name="java.version" value="1.8.0_242"/>
    <property name="java.ext.dirs" value="/usr/lib/jvm/java-8-openjdk-amd64/jre/lib/ext:/usr/java/packages/lib/ext"/>
    <property name="securerandom.source" value="file:/dev/./urandom"/>
    <property name="sun.boot.class.path" value="/usr/lib/jvm/java-8-openjdk-amd64/jre/lib/resources.jar:/usr/lib/jvm/java-8-openjdk-amd64/jre/lib/rt.jar:/usr/lib/jvm/java-8-openjdk-amd64/jre/lib/sunrsasign.jar:/usr/lib/jvm/java-8-openjdk-amd64/jre/lib/jsse.jar:/usr/lib/jvm/java-8-openjdk-amd64/jre/lib/jce.jar:/usr/lib/jvm/java-8-openjdk-amd64/jre/lib/charsets.jar:/usr/lib/jvm/java-8-openjdk-amd64/jre/lib/jfr.jar:/usr/lib/jvm/java-8-openjdk-amd64/jre/classes"/>
    <property name="java.vendor" value="Private Build"/>
    <property name="maven.home" value="/usr/share/maven"/>
    <property name="file.separator" value="/"/>
    <property name="java.vendor.url.bug" value="http://bugreport.sun.com/bugreport/"/>
    <property name="sun.cpu.endian" value="little"/>
    <property name="sun.io.unicode.encoding" value="UnicodeLittle"/>
    <property name="project.build.outputDirectory" value="/home/ubuntu/jsoup-master/target/generated-classes/cobertura"/>
    <property name="sun.cpu.isalist" value=""/>
  </properties>
  <testcase classname="org.jsoup.integration.UrlConnectTest" name="org.jsoup.integration.UrlConnectTest" time="0">
    <skipped/>
    <system-out>[DEBUG] stopping org.eclipse.jetty.server.Server@7276c8cd
[DEBUG] Graceful shutdown org.eclipse.jetty.server.Server@7276c8cd by 
[DEBUG] stopping ServerConnector@16022d9d{HTTP/1.1}{0.0.0.0:0}
[DEBUG] stopping org.eclipse.jetty.server.ServerConnector$ServerConnectorManager@15b3e5b
[DEBUG] stopping org.eclipse.jetty.io.SelectorManager$ManagedSelector@77be656f keys=1 selected=0
[DEBUG] Stopping org.eclipse.jetty.io.SelectorManager$ManagedSelector@77be656f keys=1 selected=0
[DEBUG] Queued change org.eclipse.jetty.io.SelectorManager$ManagedSelector$Stop@20d3d15a
[DEBUG] flushed 2070 SelectChannelEndPoint@348e08f0{/127.0.0.1:51604&lt;-&gt;37725,Open,in,out,-,W,36/30000,HttpConnection}{io=0,kio=0,kro=1}
[DEBUG] update WriteFlusher@7eb86fc8{IDLE}:WRITING--&gt;IDLE
[DEBUG] org.eclipse.jetty.server.HttpConnection$SendCallback@177a1385[PROCESSING][i=ResponseInfo{HTTP/1.1 200 null,-1,false},cb=org.eclipse.jetty.server.HttpChannel$CommitCallback@11e1159b] generate: DONE ([p=151,l=151,c=8192,r=0],[p=1919,l=1919,c=32768,r=0],true)@END
[DEBUG] reset HttpParser{s=END,45534 of 45534}
[DEBUG] END --&gt; START
[DEBUG] HttpChannelOverHttp@76d42045{r=17,c=false,a=IDLE,uri=} handle exit, result COMPLETE
[DEBUG] filled 0 SelectChannelEndPoint@348e08f0{/127.0.0.1:51604&lt;-&gt;37725,Open,in,out,-,-,1/30000,HttpConnection}{io=0,kio=0,kro=1}
[DEBUG] filled 0 SelectChannelEndPoint@348e08f0{/127.0.0.1:51604&lt;-&gt;37725,Open,in,out,-,-,2/30000,HttpConnection}{io=0,kio=0,kro=1}
[DEBUG] parseNext s=START HeapByteBuffer@72a06f7[p=0,l=0,c=16384,r=0]={&lt;&lt;&lt;&gt;&gt;&gt;/ipod/&quot; class=l o...://www.cnet.com}
[DEBUG] fillInterested HttpConnection@662c8071[FILLING,SelectChannelEndPoint@348e08f0{/127.0.0.1:51604&lt;-&gt;37725,Open,in,out,-,-,2/30000,HttpConnection}{io=0,kio=0,kro=1}][p=HttpParser{s=START,0 of -1},g=HttpGenerator{s=START},c=HttpChannelOverHttp@76d42045{r=17,c=false,a=IDLE,uri=}]
[DEBUG] FILLING--&gt;FILLING_FILL_INTERESTED HttpConnection@662c8071[FILLING_FILL_INTERESTED,SelectChannelEndPoint@348e08f0{/127.0.0.1:51604&lt;-&gt;37725,Open,in,out,-,-,2/30000,HttpConnection}{io=0,kio=0,kro=1}][p=HttpParser{s=START,0 of -1},g=HttpGenerator{s=START},c=HttpChannelOverHttp@76d42045{r=17,c=false,a=IDLE,uri=}]
[DEBUG] FILLING_FILL_INTERESTED--&gt;FILL_INTERESTED HttpConnection@662c8071[FILL_INTERESTED,SelectChannelEndPoint@348e08f0{/127.0.0.1:51604&lt;-&gt;37725,Open,in,out,-,-,2/30000,HttpConnection}{io=0,kio=0,kro=1}][p=HttpParser{s=START,0 of -1},g=HttpGenerator{s=START},c=HttpChannelOverHttp@76d42045{r=17,c=false,a=IDLE,uri=}]
[DEBUG] Selector loop woken up from select, 0/1 selected
[DEBUG] Running change org.eclipse.jetty.io.SelectorManager$ManagedSelector$Stop@20d3d15a
[DEBUG] onClose SelectChannelEndPoint@348e08f0{/127.0.0.1:51604&lt;-&gt;37725,CLOSED,in,out,-,-,4/30000,HttpConnection}{io=0,kio=0,kro=1}
[DEBUG] close SelectChannelEndPoint@348e08f0{/127.0.0.1:51604&lt;-&gt;37725,CLOSED,in,out,-,-,4/30000,HttpConnection}{io=0,kio=0,kro=1}
[DEBUG] Destroyed SelectChannelEndPoint@348e08f0{/127.0.0.1:51604&lt;-&gt;37725,CLOSED,ISHUT,OSHUT,-,-,4/30000,HttpConnection}{io=0,kio=-1,kro=-1}
[DEBUG] onClose HttpConnection@662c8071[FILL_INTERESTED,SelectChannelEndPoint@348e08f0{/127.0.0.1:51604&lt;-&gt;37725,CLOSED,ISHUT,OSHUT,-,-,4/30000,HttpConnection}{io=0,kio=-1,kro=-1}][p=HttpParser{s=START,0 of -1},g=HttpGenerator{s=START},c=HttpChannelOverHttp@76d42045{r=17,c=false,a=IDLE,uri=}]
[DEBUG] onClose SelectChannelEndPoint@348e08f0{/127.0.0.1:51604&lt;-&gt;37725,CLOSED,ISHUT,OSHUT,-,-,4/30000,HttpConnection}{io=0,kio=-1,kro=-1}
[DEBUG] Stopped org.eclipse.jetty.io.SelectorManager$ManagedSelector@77be656f keys=-1 selected=-1
[DEBUG] Ignoring local interests update 0 -&gt; 0 for SelectChannelEndPoint@348e08f0{/127.0.0.1:51604&lt;-&gt;37725,CLOSED,ISHUT,OSHUT,R,-,0/30000,HttpConnection}{io=0,kio=-1,kro=-1}
[DEBUG] STOPPED org.eclipse.jetty.io.SelectorManager$ManagedSelector@77be656f keys=-1 selected=-1
[DEBUG] STOPPED org.eclipse.jetty.server.ServerConnector$ServerConnectorManager@15b3e5b
[DEBUG] stopping HttpConnectionFactory@68ceda24{HTTP/1.1}
[DEBUG] STOPPED HttpConnectionFactory@68ceda24{HTTP/1.1}
[DEBUG] stopping org.eclipse.jetty.util.thread.ScheduledExecutorScheduler@4516af24
[DEBUG] STOPPED org.eclipse.jetty.util.thread.ScheduledExecutorScheduler@4516af24
[INFO] Stopped ServerConnector@16022d9d{HTTP/1.1}{0.0.0.0:0}
[DEBUG] STOPPED ServerConnector@16022d9d{HTTP/1.1}{0.0.0.0:0}
[DEBUG] stopping org.eclipse.jetty.server.Server@7276c8cd
[DEBUG] stopping org.eclipse.jetty.servlet.ServletHandler@4b9e255
[DEBUG] stopping org.eclipse.jetty.servlet.ServletHandler@4b9e255
[DEBUG] stopping org.jsoup.integration.servlets.HelloServlet-5b0abc94@80988de5==org.jsoup.integration.servlets.HelloServlet,-1,true
[DEBUG] STOPPED org.jsoup.integration.servlets.HelloServlet-5b0abc94@80988de5==org.jsoup.integration.servlets.HelloServlet,-1,false
[DEBUG] stopping org.jsoup.integration.servlets.Deflateservlet-123f1134@8da437f9==org.jsoup.integration.servlets.Deflateservlet,-1,true
[DEBUG] STOPPED org.jsoup.integration.servlets.Deflateservlet-123f1134@8da437f9==org.jsoup.integration.servlets.Deflateservlet,-1,false
[DEBUG] stopping org.jsoup.integration.servlets.EchoServlet-5d20e46@1109d9e==org.jsoup.integration.servlets.EchoServlet,-1,true
[DEBUG] STOPPED org.jsoup.integration.servlets.EchoServlet-5d20e46@1109d9e==org.jsoup.integration.servlets.EchoServlet,-1,false
[DEBUG] stopping org.eclipse.jetty.servlet.ServletHandler$Default404Servlet-23bb8443@ddbb85d0==org.eclipse.jetty.servlet.ServletHandler$Default404Servlet,-1,false
[DEBUG] STOPPED org.eclipse.jetty.servlet.ServletHandler$Default404Servlet-23bb8443@ddbb85d0==org.eclipse.jetty.servlet.ServletHandler$Default404Servlet,-1,false
[DEBUG] STOPPED org.eclipse.jetty.servlet.ServletHandler@4b9e255
[DEBUG] stopping qtp399534175{STARTED,8&lt;=8&lt;=200,i=7,q=0}
[DEBUG] Stopped Thread[qtp399534175-11-selector-ServerConnectorManager@15b3e5b/0,5,main] on org.eclipse.jetty.io.SelectorManager$ManagedSelector@77be656f keys=-1 selected=-1
[DEBUG] STOPPED qtp399534175{STOPPED,8&lt;=8&lt;=200,i=0,q=0}
[DEBUG] STOPPED org.eclipse.jetty.server.Server@7276c8cd
</system-out>
  </testcase>
</testsuite>